<!DOCTYPE html PUBLIC "-//W3C//DTD XHTML 1.1//EN" "http://www.w3.org/TR/xhtml11/DTD/xhtml11.dtd">
<html xmlns="http://www.w3.org/1999/xhtml">
<head>
<meta http-equiv="content-type" content="text/html; charset=UTF-8"/>
<title>TestNG Report</title>
<style type="text/css">table {margin-bottom:10px;border-collapse:collapse;empty-cells:show}th,td {border:1px solid #009;padding:.25em .5em}th {vertical-align:bottom}td {vertical-align:top}table a {font-weight:bold}.stripe td {background-color: #E6EBF9}.num {text-align:right}.passedodd td {background-color: #3F3}.passedeven td {background-color: #0A0}.skippedodd td {background-color: #DDD}.skippedeven td {background-color: #CCC}.failedodd td,.attn {background-color: #F33}.failedeven td,.stripe .attn {background-color: #D00}.stacktrace {white-space:pre;font-family:monospace}.totop {font-size:85%;text-align:center;border-bottom:2px solid #000}.invisible {display:none}</style>
</head>
<body>
<table>
<tr><th>Test</th><th># Passed</th><th># Skipped</th><th># Failed</th><th>Time (ms)</th><th>Included Groups</th><th>Excluded Groups</th></tr>
<tr><th colspan="7">Suite</th></tr>
<tr><td><a href="#t0">Test</a></td><td class="num">1</td><td class="num">0</td><td class="num attn">3</td><td class="num">339,963</td><td></td><td></td></tr>
</table>
<table id='summary'><thead><tr><th>Class</th><th>Method</th><th>Start</th><th>Time (ms)</th></tr></thead><tbody><tr><th colspan="4">Suite</th></tr></tbody><tbody id="t0"><tr><th colspan="4">Test &#8212; failed (configuration methods)</th></tr><tr class="failedeven"><td rowspan="1">com.actitime.tests.InvalidLoginTest</td><td><a href="#m0">postcondition</a></td><td rowspan="1">1580530125468</td><td rowspan="1">1298</td></tr><tr class="failedodd"><td rowspan="1">com.actitime.tests.VerfiyVersionTest</td><td><a href="#m1">postcondition</a></td><td rowspan="1">1580530195455</td><td rowspan="1">544</td></tr><tr class="failedeven"><td rowspan="1">com.actitime.tests.VerifyBuildNoTest</td><td><a href="#m2">postcondition</a></td><td rowspan="1">1580530320474</td><td rowspan="1">810</td></tr><tr><th colspan="4">Test &#8212; failed</th></tr><tr class="failedeven"><td rowspan="1">com.actitime.tests.InvalidLoginTest</td><td><a href="#m3">testInvalidLogin</a></td><td rowspan="1">1580530092118</td><td rowspan="1">33119</td></tr><tr class="failedodd"><td rowspan="1">com.actitime.tests.VerfiyVersionTest</td><td><a href="#m4">testVerifyVersion</a></td><td rowspan="1">1580530164613</td><td rowspan="1">30838</td></tr><tr class="failedeven"><td rowspan="1">com.actitime.tests.VerifyBuildNoTest</td><td><a href="#m5">testVerifyBuildNo</a></td><td rowspan="1">1580530238860</td><td rowspan="1">81611</td></tr><tr><th colspan="4">Test &#8212; passed</th></tr><tr class="passedeven"><td rowspan="1">com.actitime.tests.ValidLoginLogoutTest</td><td><a href="#m6">testValidLoginLogout</a></td><td rowspan="1">1580530030702</td><td rowspan="1">26081</td></tr></tbody>
</table>
<h2>Test</h2><h3 id="m0">com.actitime.tests.InvalidLoginTest#postcondition</h3><table class="result"><tr class="param"><th>Parameter #1</th></tr><tr class="param stripe"><td>[TestResult name=testInvalidLogin status=FAILURE method=InvalidLoginTest.testInvalidLogin()[pri:2, instance:com.actitime.tests.InvalidLoginTest@1ef45e3] output=Tittle is matching :actiTIME - Login]</td></tr><tr><th>Exception</th></tr><tr><td><div class="stacktrace">java.lang.NoClassDefFoundError: org/apache/commons/io/FileUtils
	at om.actitime.generic.GenericUtils.getscreenshots(GenericUtils.java:21)
	at om.actitime.generic.BaseTest.postcondition(BaseTest.java:48)
Caused by: java.lang.ClassNotFoundException: org.apache.commons.io.FileUtils
	at java.net.URLClassLoader.findClass(URLClassLoader.java:382)
	at java.lang.ClassLoader.loadClass(ClassLoader.java:424)
	at sun.misc.Launcher$AppClassLoader.loadClass(Launcher.java:349)
	at java.lang.ClassLoader.loadClass(ClassLoader.java:357)
	... 30 more
... Removed 28 stack frames</div></td></tr></table><p class="totop"><a href="#summary">back to summary</a></p>
<h3 id="m1">com.actitime.tests.VerfiyVersionTest#postcondition</h3><table class="result"><tr class="param"><th>Parameter #1</th></tr><tr class="param stripe"><td>[TestResult name=testVerifyVersion status=FAILURE method=VerfiyVersionTest.testVerifyVersion()[pri:3, instance:com.actitime.tests.VerfiyVersionTest@ecd4b] output=Tittle is matching :actiTIME - Login]</td></tr><tr><th>Exception</th></tr><tr><td><div class="stacktrace">java.lang.NoClassDefFoundError: org/apache/commons/io/FileUtils
	at om.actitime.generic.GenericUtils.getscreenshots(GenericUtils.java:21)
	at om.actitime.generic.BaseTest.postcondition(BaseTest.java:48)
... Removed 28 stack frames</div></td></tr></table><p class="totop"><a href="#summary">back to summary</a></p>
<h3 id="m2">com.actitime.tests.VerifyBuildNoTest#postcondition</h3><table class="result"><tr class="param"><th>Parameter #1</th></tr><tr class="param stripe"><td>[TestResult name=testVerifyBuildNo status=FAILURE method=VerifyBuildNoTest.testVerifyBuildNo()[pri:4, instance:com.actitime.tests.VerifyBuildNoTest@bf9759] output=Tittle is matching :actiTIME - Login]</td></tr><tr><th>Exception</th></tr><tr><td><div class="stacktrace">java.lang.NoClassDefFoundError: org/apache/commons/io/FileUtils
	at om.actitime.generic.GenericUtils.getscreenshots(GenericUtils.java:21)
	at om.actitime.generic.BaseTest.postcondition(BaseTest.java:48)
... Removed 28 stack frames</div></td></tr></table><p class="totop"><a href="#summary">back to summary</a></p>
<h3 id="m3">com.actitime.tests.InvalidLoginTest#testInvalidLogin</h3><table class="result"><tr><th>Messages</th></tr><tr><td><div class="messages">Tittle is matching :actiTIME - Login<br/>Invalid UN :admin<br/>Invalid pw :admin<br/>Element is Present<br/>Actual error Meassge is :Username or Password is invalid. Please try again.<br/>Expected error Meassge is :Username or Password is invalid. Please try again.<br/>Error message is matching...........<br/>===========================,<br/>Invalid UN :admin<br/>Invalid pw :mang<br/>Element is Present<br/>Actual error Meassge is :Username or Password is invalid. Please try again.<br/>Expected error Meassge is :Username or Password is invalid. Please try again.<br/>Error message is matching...........<br/>===========================,<br/>Invalid UN :admin<br/>Invalid pw :admin<br/>Element is Present<br/>Actual error Meassge is :Username or Password is invalid. Please try again.<br/>Expected error Meassge is :Username or Password is invalid. Please try again.<br/>Error message is matching...........<br/>===========================,<br/>Invalid UN :admin</div></td></tr><tr><th>Exception</th></tr><tr><td><div class="stacktrace">org.openqa.selenium.StaleElementReferenceException: stale element reference: element is not attached to the page document
  (Session info: chrome=79.0.3945.130)
For documentation on this error, please visit: https://www.seleniumhq.org/exceptions/stale_element_reference.html
Build info: version: &apos;3.141.59&apos;, revision: &apos;e82be7d358&apos;, time: &apos;2018-11-14T08:17:03&apos;
System info: host: &apos;DIVYA-PC&apos;, ip: &apos;192.168.43.88&apos;, os.name: &apos;Windows 7&apos;, os.arch: &apos;x86&apos;, os.version: &apos;6.1&apos;, java.version: &apos;1.8.0_201&apos;
Driver info: org.openqa.selenium.chrome.ChromeDriver
Capabilities {acceptInsecureCerts: false, browserName: chrome, browserVersion: 79.0.3945.130, chrome: {chromedriverVersion: 79.0.3945.36 (3582db32b3389..., userDataDir: E:\Users\Divya\AppData\Loca...}, goog:chromeOptions: {debuggerAddress: localhost:50140}, javascriptEnabled: true, networkConnectionEnabled: false, pageLoadStrategy: normal, platform: WINDOWS, platformName: WINDOWS, proxy: Proxy(), setWindowRect: true, strictFileInteractability: false, timeouts: {implicit: 0, pageLoad: 300000, script: 30000}, unhandledPromptBehavior: dismiss and notify}
Session ID: 644f81e5baf6c6173f263e370b3b2cb7
	at org.openqa.selenium.remote.http.W3CHttpResponseCodec.createException(W3CHttpResponseCodec.java:187)
	at org.openqa.selenium.remote.http.W3CHttpResponseCodec.decode(W3CHttpResponseCodec.java:122)
	at org.openqa.selenium.remote.http.W3CHttpResponseCodec.decode(W3CHttpResponseCodec.java:49)
	at org.openqa.selenium.remote.HttpCommandExecutor.execute(HttpCommandExecutor.java:158)
	at org.openqa.selenium.remote.service.DriverCommandExecutor.execute(DriverCommandExecutor.java:83)
	at org.openqa.selenium.remote.RemoteWebDriver.execute(RemoteWebDriver.java:552)
	at org.openqa.selenium.remote.RemoteWebElement.execute(RemoteWebElement.java:285)
	at org.openqa.selenium.remote.RemoteWebElement.sendKeys(RemoteWebElement.java:106)
	at org.openqa.selenium.support.pagefactory.internal.LocatingElementHandler.invoke(LocatingElementHandler.java:51)
	at com.sun.proxy.$Proxy11.sendKeys(Unknown Source)
	at com.actitime.pages.LoginPage.enterUserName(LoginPage.java:40)
	at com.actitime.tests.InvalidLoginTest.testInvalidLogin(InvalidLoginTest.java:41)
... Removed 33 stack frames</div></td></tr></table><p class="totop"><a href="#summary">back to summary</a></p>
<h3 id="m4">com.actitime.tests.VerfiyVersionTest#testVerifyVersion</h3><table class="result"><tr><th>Messages</th></tr><tr><td><div class="messages">Tittle is matching :actiTIME - Login<br/>Element is not Present</div></td></tr><tr><th>Exception</th></tr><tr><td><div class="stacktrace">java.lang.AssertionError: null
	at com.actitime.pages.BasePage.verifyElement(BasePage.java:45)
	at com.actitime.pages.LoginPage.verifyVersion(LoginPage.java:58)
	at com.actitime.tests.VerfiyVersionTest.testVerifyVersion(VerfiyVersionTest.java:25)
... Removed 27 stack frames</div></td></tr></table><p class="totop"><a href="#summary">back to summary</a></p>
<h3 id="m5">com.actitime.tests.VerifyBuildNoTest#testVerifyBuildNo</h3><table class="result"><tr><th>Messages</th></tr><tr><td><div class="messages">Tittle is matching :actiTIME - Login<br/>Tittle is matching :actiTIME - Enter Time-Track<br/>Element is not Present</div></td></tr><tr><th>Exception</th></tr><tr><td><div class="stacktrace">java.lang.AssertionError: null
	at com.actitime.pages.BasePage.verifyElement(BasePage.java:45)
	at com.actitime.pages.EnterTimeTrackerPage.verifyBuildNo(EnterTimeTrackerPage.java:48)
	at com.actitime.tests.VerifyBuildNoTest.testVerifyBuildNo(VerifyBuildNoTest.java:54)
... Removed 27 stack frames</div></td></tr></table><p class="totop"><a href="#summary">back to summary</a></p>
<h3 id="m6">com.actitime.tests.ValidLoginLogoutTest#testValidLoginLogout</h3><table class="result"><tr><th>Messages</th></tr><tr><td><div class="messages">Tittle is matching :actiTIME - Login<br/>Tittle is matching :actiTIME - Enter Time-Track<br/>Tittle is matching :actiTIME - Login</div></td></tr></table><p class="totop"><a href="#summary">back to summary</a></p>
</body>
</html>
