<!DOCTYPE html>

<html>
  <head>
  <meta charset='utf-8'>
  <title>TestNG reports</title>

    <link type="text/css" href="testng-reports.css" rel="stylesheet" />
    <script type="text/javascript" src="jquery-1.7.1.min.js"></script>
    <script type="text/javascript" src="testng-reports.js"></script>
    <script type="text/javascript" src="https://www.google.com/jsapi"></script>
    <script type='text/javascript'>
      google.load('visualization', '1', {packages:['table']});
      google.setOnLoadCallback(drawTable);
      var suiteTableInitFunctions = new Array();
      var suiteTableData = new Array();
    </script>
    <!--
      <script type="text/javascript" src="jquery-ui/js/jquery-ui-1.8.16.custom.min.js"></script>
     -->
  </head>

  <body>
    <div class="top-banner-root">
      <span class="top-banner-title-font">Test results</span>
      <br/>
      <span class="top-banner-font-1">1 suite, 3 failed tests</span>
    </div> <!-- top-banner-root -->
    <div class="navigator-root">
      <div class="navigator-suite-header">
        <span>All suites</span>
        <a href="#" class="collapse-all-link" title="Collapse/expand all the suites">
          <img class="collapse-all-icon" src="collapseall.gif">
          </img> <!-- collapse-all-icon -->
        </a> <!-- collapse-all-link -->
      </div> <!-- navigator-suite-header -->
      <div class="suite">
        <div class="rounded-window">
          <div class="suite-header light-rounded-window-top">
            <a href="#" class="navigator-link" panel-name="suite-Suite">
              <span class="suite-name border-failed">Suite</span>
            </a> <!-- navigator-link -->
          </div> <!-- suite-header light-rounded-window-top -->
          <div class="navigator-suite-content">
            <div class="suite-section-title">
              <span>Info</span>
            </div> <!-- suite-section-title -->
            <div class="suite-section-content">
              <ul>
                <li>
                  <a href="#" class="navigator-link " panel-name="test-xml-Suite">
                    <span>E:\Users\Divya\Jenkin\Mave1\ActiTime3\testng.xml</span>
                  </a> <!-- navigator-link  -->
                </li>
                <li>
                  <a href="#" class="navigator-link " panel-name="testlist-Suite">
                    <span class="test-stats">1 test</span>
                  </a> <!-- navigator-link  -->
                </li>
                <li>
                  <a href="#" class="navigator-link " panel-name="group-Suite">
                    <span>0 groups</span>
                  </a> <!-- navigator-link  -->
                </li>
                <li>
                  <a href="#" class="navigator-link " panel-name="times-Suite">
                    <span>Times</span>
                  </a> <!-- navigator-link  -->
                </li>
                <li>
                  <a href="#" class="navigator-link " panel-name="reporter-Suite">
                    <span>Reporter output</span>
                  </a> <!-- navigator-link  -->
                </li>
                <li>
                  <a href="#" class="navigator-link " panel-name="ignored-methods-Suite">
                    <span>Ignored methods</span>
                  </a> <!-- navigator-link  -->
                </li>
                <li>
                  <a href="#" class="navigator-link " panel-name="chronological-Suite">
                    <span>Chronological view</span>
                  </a> <!-- navigator-link  -->
                </li>
              </ul>
            </div> <!-- suite-section-content -->
            <div class="result-section">
              <div class="suite-section-title">
                <span>Results</span>
              </div> <!-- suite-section-title -->
              <div class="suite-section-content">
                <ul>
                  <li>
                    <span class="method-stats">4 methods, 3 failed,   1 passed</span>
                  </li>
                  <li>
                    <span class="method-list-title failed">Failed methods</span>
                    <span class="show-or-hide-methods failed">
                      <a href="#" panel-name="suite-Suite" class="hide-methods failed suite-Suite"> (hide)</a> <!-- hide-methods failed suite-Suite -->
                      <a href="#" panel-name="suite-Suite" class="show-methods failed suite-Suite"> (show)</a> <!-- show-methods failed suite-Suite -->
                    </span>
                    <div class="method-list-content failed suite-Suite">
                      <span>
                        <img width="3%" src="failed.png"/>
                        <a href="#" class="method navigator-link" panel-name="suite-Suite" title="com.actitime.tests.InvalidLoginTest" hash-for-method="testInvalidLogin">testInvalidLogin</a> <!-- method navigator-link -->
                      </span>
                      <br/>
                      <span>
                        <img width="3%" src="failed.png"/>
                        <a href="#" class="method navigator-link" panel-name="suite-Suite" title="com.actitime.tests.VerifyBuildNoTest" hash-for-method="testVerifyBuildNo">testVerifyBuildNo</a> <!-- method navigator-link -->
                      </span>
                      <br/>
                      <span>
                        <img width="3%" src="failed.png"/>
                        <a href="#" class="method navigator-link" panel-name="suite-Suite" title="com.actitime.tests.VerfiyVersionTest" hash-for-method="testVerifyVersion">testVerifyVersion</a> <!-- method navigator-link -->
                      </span>
                      <br/>
                    </div> <!-- method-list-content failed suite-Suite -->
                  </li>
                  <li>
                    <span class="method-list-title passed">Passed methods</span>
                    <span class="show-or-hide-methods passed">
                      <a href="#" panel-name="suite-Suite" class="hide-methods passed suite-Suite"> (hide)</a> <!-- hide-methods passed suite-Suite -->
                      <a href="#" panel-name="suite-Suite" class="show-methods passed suite-Suite"> (show)</a> <!-- show-methods passed suite-Suite -->
                    </span>
                    <div class="method-list-content passed suite-Suite">
                      <span>
                        <img width="3%" src="passed.png"/>
                        <a href="#" class="method navigator-link" panel-name="suite-Suite" title="com.actitime.tests.ValidLoginLogoutTest" hash-for-method="testValidLoginLogout">testValidLoginLogout</a> <!-- method navigator-link -->
                      </span>
                      <br/>
                    </div> <!-- method-list-content passed suite-Suite -->
                  </li>
                </ul>
              </div> <!-- suite-section-content -->
            </div> <!-- result-section -->
          </div> <!-- navigator-suite-content -->
        </div> <!-- rounded-window -->
      </div> <!-- suite -->
    </div> <!-- navigator-root -->
    <div class="wrapper">
      <div class="main-panel-root">
        <div panel-name="suite-Suite" class="panel Suite">
          <div class="suite-Suite-class-failed">
            <div class="main-panel-header rounded-window-top">
              <img src="failed.png"/>
              <span class="class-name">com.actitime.tests.InvalidLoginTest</span>
            </div> <!-- main-panel-header rounded-window-top -->
            <div class="main-panel-content rounded-window-bottom">
              <div class="method">
                <div class="method-content">
                  <a name="testInvalidLogin">
                  </a> <!-- testInvalidLogin -->
                  <span class="method-name">testInvalidLogin</span>
                  <div class="stack-trace">org.openqa.selenium.StaleElementReferenceException: stale element reference: element is not attached to the page document
  (Session info: chrome=79.0.3945.130)
For documentation on this error, please visit: https://www.seleniumhq.org/exceptions/stale_element_reference.html
Build info: version: &apos;3.141.59&apos;, revision: &apos;e82be7d358&apos;, time: &apos;2018-11-14T08:17:03&apos;
System info: host: &apos;DIVYA-PC&apos;, ip: &apos;192.168.43.88&apos;, os.name: &apos;Windows 7&apos;, os.arch: &apos;x86&apos;, os.version: &apos;6.1&apos;, java.version: &apos;1.8.0_201&apos;
Driver info: org.openqa.selenium.chrome.ChromeDriver
Capabilities {acceptInsecureCerts: false, browserName: chrome, browserVersion: 79.0.3945.130, chrome: {chromedriverVersion: 79.0.3945.36 (3582db32b3389..., userDataDir: E:\Users\Divya\AppData\Loca...}, goog:chromeOptions: {debuggerAddress: localhost:50140}, javascriptEnabled: true, networkConnectionEnabled: false, pageLoadStrategy: normal, platform: WINDOWS, platformName: WINDOWS, proxy: Proxy(), setWindowRect: true, strictFileInteractability: false, timeouts: {implicit: 0, pageLoad: 300000, script: 30000}, unhandledPromptBehavior: dismiss and notify}
Session ID: 644f81e5baf6c6173f263e370b3b2cb7
	at org.openqa.selenium.remote.http.W3CHttpResponseCodec.createException(W3CHttpResponseCodec.java:187)
	at org.openqa.selenium.remote.http.W3CHttpResponseCodec.decode(W3CHttpResponseCodec.java:122)
	at org.openqa.selenium.remote.http.W3CHttpResponseCodec.decode(W3CHttpResponseCodec.java:49)
	at org.openqa.selenium.remote.HttpCommandExecutor.execute(HttpCommandExecutor.java:158)
	at org.openqa.selenium.remote.service.DriverCommandExecutor.execute(DriverCommandExecutor.java:83)
	at org.openqa.selenium.remote.RemoteWebDriver.execute(RemoteWebDriver.java:552)
	at org.openqa.selenium.remote.RemoteWebElement.execute(RemoteWebElement.java:285)
	at org.openqa.selenium.remote.RemoteWebElement.sendKeys(RemoteWebElement.java:106)
	at org.openqa.selenium.support.pagefactory.internal.LocatingElementHandler.invoke(LocatingElementHandler.java:51)
	at com.sun.proxy.$Proxy11.sendKeys(Unknown Source)
	at com.actitime.pages.LoginPage.enterUserName(LoginPage.java:40)
	at com.actitime.tests.InvalidLoginTest.testInvalidLogin(InvalidLoginTest.java:41)
... Removed 33 stack frames
</div> <!-- stack-trace -->
                </div> <!-- method-content -->
              </div> <!-- method -->
            </div> <!-- main-panel-content rounded-window-bottom -->
          </div> <!-- suite-Suite-class-failed -->
          <div class="suite-Suite-class-failed">
            <div class="main-panel-header rounded-window-top">
              <img src="failed.png"/>
              <span class="class-name">com.actitime.tests.VerfiyVersionTest</span>
            </div> <!-- main-panel-header rounded-window-top -->
            <div class="main-panel-content rounded-window-bottom">
              <div class="method">
                <div class="method-content">
                  <a name="testVerifyVersion">
                  </a> <!-- testVerifyVersion -->
                  <span class="method-name">testVerifyVersion</span>
                  <div class="stack-trace">java.lang.AssertionError: null
	at com.actitime.pages.BasePage.verifyElement(BasePage.java:45)
	at com.actitime.pages.LoginPage.verifyVersion(LoginPage.java:58)
	at com.actitime.tests.VerfiyVersionTest.testVerifyVersion(VerfiyVersionTest.java:25)
... Removed 27 stack frames
</div> <!-- stack-trace -->
                </div> <!-- method-content -->
              </div> <!-- method -->
            </div> <!-- main-panel-content rounded-window-bottom -->
          </div> <!-- suite-Suite-class-failed -->
          <div class="suite-Suite-class-failed">
            <div class="main-panel-header rounded-window-top">
              <img src="failed.png"/>
              <span class="class-name">com.actitime.tests.VerifyBuildNoTest</span>
            </div> <!-- main-panel-header rounded-window-top -->
            <div class="main-panel-content rounded-window-bottom">
              <div class="method">
                <div class="method-content">
                  <a name="testVerifyBuildNo">
                  </a> <!-- testVerifyBuildNo -->
                  <span class="method-name">testVerifyBuildNo</span>
                  <div class="stack-trace">java.lang.AssertionError: null
	at com.actitime.pages.BasePage.verifyElement(BasePage.java:45)
	at com.actitime.pages.EnterTimeTrackerPage.verifyBuildNo(EnterTimeTrackerPage.java:48)
	at com.actitime.tests.VerifyBuildNoTest.testVerifyBuildNo(VerifyBuildNoTest.java:54)
... Removed 27 stack frames
</div> <!-- stack-trace -->
                </div> <!-- method-content -->
              </div> <!-- method -->
            </div> <!-- main-panel-content rounded-window-bottom -->
          </div> <!-- suite-Suite-class-failed -->
          <div class="suite-Suite-class-passed">
            <div class="main-panel-header rounded-window-top">
              <img src="passed.png"/>
              <span class="class-name">com.actitime.tests.ValidLoginLogoutTest</span>
            </div> <!-- main-panel-header rounded-window-top -->
            <div class="main-panel-content rounded-window-bottom">
              <div class="method">
                <div class="method-content">
                  <a name="testValidLoginLogout">
                  </a> <!-- testValidLoginLogout -->
                  <span class="method-name">testValidLoginLogout</span>
                </div> <!-- method-content -->
              </div> <!-- method -->
            </div> <!-- main-panel-content rounded-window-bottom -->
          </div> <!-- suite-Suite-class-passed -->
        </div> <!-- panel Suite -->
        <div panel-name="test-xml-Suite" class="panel">
          <div class="main-panel-header rounded-window-top">
            <span class="header-content">E:\Users\Divya\Jenkin\Mave1\ActiTime3\testng.xml</span>
          </div> <!-- main-panel-header rounded-window-top -->
          <div class="main-panel-content rounded-window-bottom">
            <pre>
&lt;?xml version=&quot;1.0&quot; encoding=&quot;UTF-8&quot;?&gt;
&lt;!DOCTYPE suite SYSTEM &quot;http://testng.org/testng-1.0.dtd&quot;&gt;
&lt;suite guice-stage=&quot;DEVELOPMENT&quot; name=&quot;Suite&quot;&gt;
  &lt;test thread-count=&quot;5&quot; name=&quot;Test&quot;&gt;
    &lt;packages&gt;
      &lt;package name=&quot;com.actitime.tests&quot;/&gt;
    &lt;/packages&gt;
    &lt;classes&gt;
      &lt;class name=&quot;com.actitime.tests.InvalidLoginTest&quot;/&gt;
      &lt;class name=&quot;com.actitime.tests.ValidLoginLogoutTest&quot;/&gt;
      &lt;class name=&quot;com.actitime.tests.VerfiyVersionTest&quot;/&gt;
      &lt;class name=&quot;com.actitime.tests.VerifyBuildNoTest&quot;/&gt;
    &lt;/classes&gt;
  &lt;/test&gt; &lt;!-- Test --&gt;
&lt;/suite&gt; &lt;!-- Suite --&gt;
            </pre>
          </div> <!-- main-panel-content rounded-window-bottom -->
        </div> <!-- panel -->
        <div panel-name="testlist-Suite" class="panel">
          <div class="main-panel-header rounded-window-top">
            <span class="header-content">Tests for Suite</span>
          </div> <!-- main-panel-header rounded-window-top -->
          <div class="main-panel-content rounded-window-bottom">
            <ul>
              <li>
                <span class="test-name">Test (4 classes)</span>
              </li>
            </ul>
          </div> <!-- main-panel-content rounded-window-bottom -->
        </div> <!-- panel -->
        <div panel-name="group-Suite" class="panel">
          <div class="main-panel-header rounded-window-top">
            <span class="header-content">Groups for Suite</span>
          </div> <!-- main-panel-header rounded-window-top -->
          <div class="main-panel-content rounded-window-bottom">
          </div> <!-- main-panel-content rounded-window-bottom -->
        </div> <!-- panel -->
        <div panel-name="times-Suite" class="panel">
          <div class="main-panel-header rounded-window-top">
            <span class="header-content">Times for Suite</span>
          </div> <!-- main-panel-header rounded-window-top -->
          <div class="main-panel-content rounded-window-bottom">
            <div class="times-div">
              <script type="text/javascript">
suiteTableInitFunctions.push('tableData_Suite');
function tableData_Suite() {
var data = new google.visualization.DataTable();
data.addColumn('number', 'Number');
data.addColumn('string', 'Method');
data.addColumn('string', 'Class');
data.addColumn('number', 'Time (ms)');
data.addRows(4);
data.setCell(0, 0, 0)
data.setCell(0, 1, 'testVerifyBuildNo')
data.setCell(0, 2, 'com.actitime.tests.VerifyBuildNoTest')
data.setCell(0, 3, 81611);
data.setCell(1, 0, 1)
data.setCell(1, 1, 'testInvalidLogin')
data.setCell(1, 2, 'com.actitime.tests.InvalidLoginTest')
data.setCell(1, 3, 33119);
data.setCell(2, 0, 2)
data.setCell(2, 1, 'testVerifyVersion')
data.setCell(2, 2, 'com.actitime.tests.VerfiyVersionTest')
data.setCell(2, 3, 30838);
data.setCell(3, 0, 3)
data.setCell(3, 1, 'testValidLoginLogout')
data.setCell(3, 2, 'com.actitime.tests.ValidLoginLogoutTest')
data.setCell(3, 3, 26081);
window.suiteTableData['Suite']= { tableData: data, tableDiv: 'times-div-Suite'}
return data;
}
              </script>
              <span class="suite-total-time">Total running time: 2 minutes</span>
              <div id="times-div-Suite">
              </div> <!-- times-div-Suite -->
            </div> <!-- times-div -->
          </div> <!-- main-panel-content rounded-window-bottom -->
        </div> <!-- panel -->
        <div panel-name="reporter-Suite" class="panel">
          <div class="main-panel-header rounded-window-top">
            <span class="header-content">Reporter output for Suite</span>
          </div> <!-- main-panel-header rounded-window-top -->
          <div class="main-panel-content rounded-window-bottom">
            <div class="reporter-method-div">
              <span class="reporter-method-name">testValidLoginLogout</span>
              <div class="reporter-method-output-div">
                <span class="reporter-method-output">Tittle is matching :actiTIME - Login</span>
                <span class="reporter-method-output">Tittle is matching :actiTIME - Enter Time-Track</span>
                <span class="reporter-method-output">Tittle is matching :actiTIME - Login</span>
              </div> <!-- reporter-method-output-div -->
            </div> <!-- reporter-method-div -->
            <div class="reporter-method-div">
              <span class="reporter-method-name">testVerifyBuildNo</span>
              <div class="reporter-method-output-div">
                <span class="reporter-method-output">Tittle is matching :actiTIME - Login</span>
                <span class="reporter-method-output">Tittle is matching :actiTIME - Enter Time-Track</span>
                <span class="reporter-method-output">Element is not Present</span>
              </div> <!-- reporter-method-output-div -->
            </div> <!-- reporter-method-div -->
            <div class="reporter-method-div">
              <span class="reporter-method-name">testVerifyVersion</span>
              <div class="reporter-method-output-div">
                <span class="reporter-method-output">Tittle is matching :actiTIME - Login</span>
                <span class="reporter-method-output">Element is not Present</span>
              </div> <!-- reporter-method-output-div -->
            </div> <!-- reporter-method-div -->
            <div class="reporter-method-div">
              <span class="reporter-method-name">testInvalidLogin</span>
              <div class="reporter-method-output-div">
                <span class="reporter-method-output">Tittle is matching :actiTIME - Login</span>
                <span class="reporter-method-output">Invalid UN :admin</span>
                <span class="reporter-method-output">Invalid pw :admin</span>
                <span class="reporter-method-output">Element is Present</span>
                <span class="reporter-method-output">Actual error Meassge is :Username or Password is invalid. Please try again.</span>
                <span class="reporter-method-output">Expected error Meassge is :Username or Password is invalid. Please try again.</span>
                <span class="reporter-method-output">Error message is matching...........</span>
                <span class="reporter-method-output">===========================,</span>
                <span class="reporter-method-output">Invalid UN :admin</span>
                <span class="reporter-method-output">Invalid pw :mang</span>
                <span class="reporter-method-output">Element is Present</span>
                <span class="reporter-method-output">Actual error Meassge is :Username or Password is invalid. Please try again.</span>
                <span class="reporter-method-output">Expected error Meassge is :Username or Password is invalid. Please try again.</span>
                <span class="reporter-method-output">Error message is matching...........</span>
                <span class="reporter-method-output">===========================,</span>
                <span class="reporter-method-output">Invalid UN :admin</span>
                <span class="reporter-method-output">Invalid pw :admin</span>
                <span class="reporter-method-output">Element is Present</span>
                <span class="reporter-method-output">Actual error Meassge is :Username or Password is invalid. Please try again.</span>
                <span class="reporter-method-output">Expected error Meassge is :Username or Password is invalid. Please try again.</span>
                <span class="reporter-method-output">Error message is matching...........</span>
                <span class="reporter-method-output">===========================,</span>
                <span class="reporter-method-output">Invalid UN :admin</span>
              </div> <!-- reporter-method-output-div -->
            </div> <!-- reporter-method-div -->
          </div> <!-- main-panel-content rounded-window-bottom -->
        </div> <!-- panel -->
        <div panel-name="ignored-methods-Suite" class="panel">
          <div class="main-panel-header rounded-window-top">
            <span class="header-content">6 ignored methods</span>
          </div> <!-- main-panel-header rounded-window-top -->
          <div class="main-panel-content rounded-window-bottom">
            <div class="ignored-class-div">
              <span class="ignored-class-name">com.actitime.tests.VerfiyVersionTest</span>
              <div class="ignored-methods-div">
                <span class="ignored-method-name">startTest</span>
                <br/>
                <span class="ignored-method-name">stopTest</span>
                <br/>
              </div> <!-- ignored-methods-div -->
            </div> <!-- ignored-class-div -->
            <div class="ignored-class-div">
              <span class="ignored-class-name">com.actitime.tests.ValidLoginLogoutTest</span>
              <div class="ignored-methods-div">
                <span class="ignored-method-name">startTest</span>
                <br/>
                <span class="ignored-method-name">stopTest</span>
                <br/>
              </div> <!-- ignored-methods-div -->
            </div> <!-- ignored-class-div -->
            <div class="ignored-class-div">
              <span class="ignored-class-name">com.actitime.tests.VerifyBuildNoTest</span>
              <div class="ignored-methods-div">
                <span class="ignored-method-name">startTest</span>
                <br/>
                <span class="ignored-method-name">stopTest</span>
                <br/>
              </div> <!-- ignored-methods-div -->
            </div> <!-- ignored-class-div -->
          </div> <!-- main-panel-content rounded-window-bottom -->
        </div> <!-- panel -->
        <div panel-name="chronological-Suite" class="panel">
          <div class="main-panel-header rounded-window-top">
            <span class="header-content">Methods in chronological order</span>
          </div> <!-- main-panel-header rounded-window-top -->
          <div class="main-panel-content rounded-window-bottom">
            <div class="chronological-class">
              <div class="chronological-class-name">com.actitime.tests.InvalidLoginTest</div> <!-- chronological-class-name -->
              <div class="configuration-test before">
                <span class="method-name">startTest</span>
                <span class="method-start">0 ms</span>
              </div> <!-- configuration-test before -->
            </div> <!-- chronological-class -->
            <div class="chronological-class">
              <div class="chronological-class-name">com.actitime.tests.ValidLoginLogoutTest</div> <!-- chronological-class-name -->
              <div class="configuration-method before">
                <span class="method-name">precondition</span>
                <span class="method-start">853 ms</span>
              </div> <!-- configuration-method before -->
              <div class="test-method">
                <span class="method-name">testValidLoginLogout</span>
                <span class="method-start">47359 ms</span>
              </div> <!-- test-method -->
              <div class="configuration-method after">
                <span class="method-name">postcondition([TestResult name=testValidLoginLogout status=SUCCESS method=ValidLoginLogoutTest.testValidLoginLogou...)</span>
                <span class="method-start">73446 ms</span>
              </div> <!-- configuration-method after -->
            </div> <!-- chronological-class -->
            <div class="chronological-class">
              <div class="chronological-class-name">com.actitime.tests.InvalidLoginTest</div> <!-- chronological-class-name -->
              <div class="configuration-method before">
                <span class="method-name">precondition</span>
                <span class="method-start">76404 ms</span>
              </div> <!-- configuration-method before -->
              <div class="test-method">
                <img src="failed.png">
                </img>
                <span class="method-name">testInvalidLogin</span>
                <span class="method-start">108775 ms</span>
              </div> <!-- test-method -->
              <div class="configuration-method after">
                <img src="failed.png">
                </img>
                <span class="method-name">postcondition([TestResult name=testInvalidLogin status=FAILURE method=InvalidLoginTest.testInvalidLogin()[pri:2, i...)</span>
                <span class="method-start">142125 ms</span>
              </div> <!-- configuration-method after -->
            </div> <!-- chronological-class -->
            <div class="chronological-class">
              <div class="chronological-class-name">com.actitime.tests.VerfiyVersionTest</div> <!-- chronological-class-name -->
              <div class="configuration-method before">
                <span class="method-name">precondition</span>
                <span class="method-start">143457 ms</span>
              </div> <!-- configuration-method before -->
              <div class="test-method">
                <img src="failed.png">
                </img>
                <span class="method-name">testVerifyVersion</span>
                <span class="method-start">181270 ms</span>
              </div> <!-- test-method -->
              <div class="configuration-method after">
                <img src="failed.png">
                </img>
                <span class="method-name">postcondition([TestResult name=testVerifyVersion status=FAILURE method=VerfiyVersionTest.testVerifyVersion()[pri:3...)</span>
                <span class="method-start">212112 ms</span>
              </div> <!-- configuration-method after -->
            </div> <!-- chronological-class -->
            <div class="chronological-class">
              <div class="chronological-class-name">com.actitime.tests.VerifyBuildNoTest</div> <!-- chronological-class-name -->
              <div class="configuration-method before">
                <span class="method-name">precondition</span>
                <span class="method-start">212661 ms</span>
              </div> <!-- configuration-method before -->
              <div class="test-method">
                <img src="failed.png">
                </img>
                <span class="method-name">testVerifyBuildNo</span>
                <span class="method-start">255517 ms</span>
              </div> <!-- test-method -->
              <div class="configuration-method after">
                <img src="failed.png">
                </img>
                <span class="method-name">postcondition([TestResult name=testVerifyBuildNo status=FAILURE method=VerifyBuildNoTest.testVerifyBuildNo()[pri:4...)</span>
                <span class="method-start">337131 ms</span>
              </div> <!-- configuration-method after -->
            </div> <!-- chronological-class -->
            <div class="chronological-class">
              <div class="chronological-class-name">com.actitime.tests.InvalidLoginTest</div> <!-- chronological-class-name -->
              <div class="configuration-test after">
                <span class="method-name">stopTest</span>
                <span class="method-start">337946 ms</span>
              </div> <!-- configuration-test after -->
          </div> <!-- main-panel-content rounded-window-bottom -->
        </div> <!-- panel -->
      </div> <!-- main-panel-root -->
    </div> <!-- wrapper -->
  </body>
</html>
